D:\WORK\SUPERMASSIVEBLACKWHORE\SMBVCPP\DEBUG\GAME.OBJ
D:\WORK\SUPERMASSIVEBLACKWHORE\SMBVCPP\DEBUG\GAMEOBJECT.OBJ
D:\WORK\SUPERMASSIVEBLACKWHORE\SMBVCPP\DEBUG\MAIN.OBJ
D:\WORK\SUPERMASSIVEBLACKWHORE\SMBVCPP\DEBUG\ANIMATIONCOMPONENT.OBJ
D:\WORK\SUPERMASSIVEBLACKWHORE\SMBVCPP\DEBUG\COLLIDERCOMPONENT.OBJ
D:\WORK\SUPERMASSIVEBLACKWHORE\SMBVCPP\DEBUG\COMPONENTFABRIC.OBJ
D:\WORK\SUPERMASSIVEBLACKWHORE\SMBVCPP\DEBUG\GAMEOBJECTFABRIC.OBJ
D:\WORK\SUPERMASSIVEBLACKWHORE\SMBVCPP\DEBUG\ICOMPONENT.OBJ
D:\WORK\SUPERMASSIVEBLACKWHORE\SMBVCPP\DEBUG\MOVEMENTCOMPONENT.OBJ
D:\WORK\SUPERMASSIVEBLACKWHORE\SMBVCPP\DEBUG\PLATFORMERCONTROLLER.OBJ
D:\WORK\SUPERMASSIVEBLACKWHORE\SMBVCPP\DEBUG\PLATFORMERPHYSICSCOMPONENT.OBJ
D:\WORK\SUPERMASSIVEBLACKWHORE\SMBVCPP\DEBUG\SCRIPTCOMPONENT.OBJ
D:\WORK\SUPERMASSIVEBLACKWHORE\SMBVCPP\DEBUG\SPRITECOMPONENT.OBJ
D:\WORK\SUPERMASSIVEBLACKWHORE\SMBVCPP\DEBUG\TRANSFORMCOMPONENT.OBJ
D:\WORK\SUPERMASSIVEBLACKWHORE\SMBVCPP\DEBUG\INPUTSYSTEM.OBJ
D:\WORK\SUPERMASSIVEBLACKWHORE\SMBVCPP\DEBUG\PHYSICSSYSTEM.OBJ
D:\WORK\SUPERMASSIVEBLACKWHORE\SMBVCPP\DEBUG\RENDERINGSYSTEM.OBJ
D:\WORK\SUPERMASSIVEBLACKWHORE\SMBVCPP\DEBUG\SCRIPTSYSTEM.OBJ
D:\WORK\SUPERMASSIVEBLACKWHORE\SMBVCPP\DEBUG\VC110.PDB
D:\Work\SuperMassiveBlackWhore\SMBVcpp\Debug\AnimationComponent.obj
D:\Work\SuperMassiveBlackWhore\SMBVcpp\Debug\ColliderComponent.obj
D:\Work\SuperMassiveBlackWhore\SMBVcpp\Debug\ComponentFabric.obj
D:\Work\SuperMassiveBlackWhore\SMBVcpp\Debug\Game.obj
D:\Work\SuperMassiveBlackWhore\SMBVcpp\Debug\GameObject.obj
D:\Work\SuperMassiveBlackWhore\SMBVcpp\Debug\GameObjectFabric.obj
D:\Work\SuperMassiveBlackWhore\SMBVcpp\Debug\IComponent.obj
D:\Work\SuperMassiveBlackWhore\SMBVcpp\Debug\InputSystem.obj
D:\Work\SuperMassiveBlackWhore\SMBVcpp\Debug\main.obj
D:\Work\SuperMassiveBlackWhore\SMBVcpp\Debug\MovementComponent.obj
D:\Work\SuperMassiveBlackWhore\SMBVcpp\Debug\PhysicsSystem.obj
D:\Work\SuperMassiveBlackWhore\SMBVcpp\Debug\PlatformerController.obj
D:\Work\SuperMassiveBlackWhore\SMBVcpp\Debug\PlatformerPhysicsComponent.obj
D:\Work\SuperMassiveBlackWhore\SMBVcpp\Debug\RenderingSystem.obj
D:\Work\SuperMassiveBlackWhore\SMBVcpp\Debug\ScriptComponent.obj
D:\Work\SuperMassiveBlackWhore\SMBVcpp\Debug\ScriptSystem.obj
D:\Work\SuperMassiveBlackWhore\SMBVcpp\Debug\SpriteComponent.obj
D:\Work\SuperMassiveBlackWhore\SMBVcpp\Debug\TransformComponent.obj
D:\Work\SuperMassiveBlackWhore\SMBVcpp\Debug\SMBVcpp.ilk
D:\Work\SuperMassiveBlackWhore\SMBVcpp\Debug\cl.command.1.tlog
D:\Work\SuperMassiveBlackWhore\SMBVcpp\Debug\CL.read.1.tlog
D:\Work\SuperMassiveBlackWhore\SMBVcpp\Debug\CL.write.1.tlog
D:\Work\SuperMassiveBlackWhore\SMBVcpp\Debug\link-cvtres.read.1.tlog
D:\Work\SuperMassiveBlackWhore\SMBVcpp\Debug\link-cvtres.write.1.tlog
D:\Work\SuperMassiveBlackWhore\SMBVcpp\Debug\link-rc.read.1.tlog
D:\Work\SuperMassiveBlackWhore\SMBVcpp\Debug\link-rc.write.1.tlog
D:\Work\SuperMassiveBlackWhore\SMBVcpp\Debug\link.command.1.tlog
D:\Work\SuperMassiveBlackWhore\SMBVcpp\Debug\link.read.1.tlog
D:\Work\SuperMassiveBlackWhore\SMBVcpp\Debug\link.write.1.tlog
D:\Work\SuperMassiveBlackWhore\SMBVcpp\Debug\vc110.idb
D:\Work\SuperMassiveBlackWhore\SMBVcpp\Debug\SMBVcpp.pdb
D:\Work\SuperMassiveBlackWhore\SMBVcpp\Debug\vc110.pdb
