D:\WORK\SUPERMASSIVEBLACKWHORE\SMBVCPP\RELEASE\INPUTSYSTEM.OBJ
D:\WORK\SUPERMASSIVEBLACKWHORE\SMBVCPP\RELEASE\PLATFORMERCONTROLLER.OBJ
D:\WORK\SUPERMASSIVEBLACKWHORE\SMBVCPP\RELEASE\ANIMATIONCOMPONENT.OBJ
D:\WORK\SUPERMASSIVEBLACKWHORE\SMBVCPP\RELEASE\GAME.OBJ
D:\WORK\SUPERMASSIVEBLACKWHORE\SMBVCPP\RELEASE\COMPONENTFABRIC.OBJ
D:\WORK\SUPERMASSIVEBLACKWHORE\SMBVCPP\RELEASE\GAMEOBJECT.OBJ
D:\WORK\SUPERMASSIVEBLACKWHORE\SMBVCPP\RELEASE\RENDERINGSYSTEM.OBJ
D:\WORK\SUPERMASSIVEBLACKWHORE\SMBVCPP\RELEASE\PHYSICSSYSTEM.OBJ
D:\WORK\SUPERMASSIVEBLACKWHORE\SMBVCPP\RELEASE\TRANSFORMCOMPONENT.OBJ
D:\WORK\SUPERMASSIVEBLACKWHORE\SMBVCPP\RELEASE\SPRITECOMPONENT.OBJ
D:\WORK\SUPERMASSIVEBLACKWHORE\SMBVCPP\RELEASE\PLATFORMERPHYSICSCOMPONENT.OBJ
D:\WORK\SUPERMASSIVEBLACKWHORE\SMBVCPP\RELEASE\MOVEMENTCOMPONENT.OBJ
D:\WORK\SUPERMASSIVEBLACKWHORE\SMBVCPP\RELEASE\ICOMPONENT.OBJ
D:\WORK\SUPERMASSIVEBLACKWHORE\SMBVCPP\RELEASE\MAIN.OBJ
D:\WORK\SUPERMASSIVEBLACKWHORE\SMBVCPP\RELEASE\VC110.PDB
D:\WORK\SUPERMASSIVEBLACKWHORE\SMBVCPP\RELEASE\SMBVCPP.EXE
D:\WORK\SUPERMASSIVEBLACKWHORE\SMBVCPP\RELEASE\SMBVCPP.PDB
D:\Work\SuperMassiveBlackWhore\SMBVcpp\Release\AnimationComponent.obj
D:\Work\SuperMassiveBlackWhore\SMBVcpp\Release\ComponentFabric.obj
D:\Work\SuperMassiveBlackWhore\SMBVcpp\Release\Game.obj
D:\Work\SuperMassiveBlackWhore\SMBVcpp\Release\GameObject.obj
D:\Work\SuperMassiveBlackWhore\SMBVcpp\Release\IComponent.obj
D:\Work\SuperMassiveBlackWhore\SMBVcpp\Release\InputSystem.obj
D:\Work\SuperMassiveBlackWhore\SMBVcpp\Release\main.obj
D:\Work\SuperMassiveBlackWhore\SMBVcpp\Release\MovementComponent.obj
D:\Work\SuperMassiveBlackWhore\SMBVcpp\Release\PhysicsSystem.obj
D:\Work\SuperMassiveBlackWhore\SMBVcpp\Release\PlatformerController.obj
D:\Work\SuperMassiveBlackWhore\SMBVcpp\Release\PlatformerPhysicsComponent.obj
D:\Work\SuperMassiveBlackWhore\SMBVcpp\Release\RenderingSystem.obj
D:\Work\SuperMassiveBlackWhore\SMBVcpp\Release\SpriteComponent.obj
D:\Work\SuperMassiveBlackWhore\SMBVcpp\Release\TransformComponent.obj
D:\Work\SuperMassiveBlackWhore\SMBVcpp\Release\cl.command.1.tlog
D:\Work\SuperMassiveBlackWhore\SMBVcpp\Release\CL.read.1.tlog
D:\Work\SuperMassiveBlackWhore\SMBVcpp\Release\CL.write.1.tlog
D:\Work\SuperMassiveBlackWhore\SMBVcpp\Release\link-cvtres.read.1.tlog
D:\Work\SuperMassiveBlackWhore\SMBVcpp\Release\link-cvtres.write.1.tlog
D:\Work\SuperMassiveBlackWhore\SMBVcpp\Release\link-rc.read.1.tlog
D:\Work\SuperMassiveBlackWhore\SMBVcpp\Release\link-rc.write.1.tlog
D:\Work\SuperMassiveBlackWhore\SMBVcpp\Release\link.command.1.tlog
D:\Work\SuperMassiveBlackWhore\SMBVcpp\Release\link.read.1.tlog
D:\Work\SuperMassiveBlackWhore\SMBVcpp\Release\link.read.2.tlog
D:\Work\SuperMassiveBlackWhore\SMBVcpp\Release\link.read.3.tlog
D:\Work\SuperMassiveBlackWhore\SMBVcpp\Release\link.read.4.tlog
D:\Work\SuperMassiveBlackWhore\SMBVcpp\Release\link.read.5.tlog
D:\Work\SuperMassiveBlackWhore\SMBVcpp\Release\link.write.1.tlog
D:\Work\SuperMassiveBlackWhore\SMBVcpp\Release\SMBVcpp.pdb
D:\Work\SuperMassiveBlackWhore\SMBVcpp\Release\vc110.pdb
D:\Work\SuperMassiveBlackWhore\SMBVcpp\Release\SMBVcpp.exe
