Build started 15.08.2014 23:04:40.
     1>Project "D:\Work\SuperMassiveBlackWhore\SMBVcpp\SMBVcpp.vcxproj" on node 2 (Build target(s)).
     1>InitializeBuildStatus:
         Touching "Release\SMBVcpp.unsuccessfulbuild".
       ClCompile:
         All outputs are up-to-date.
       Link:
         D:\PROGRAMMS\Microsoft Visual Studio 11.0\VC\bin\link.exe /ERRORREPORT:PROMPT /OUT:"D:\Work\SuperMassiveBlackWhore\SMBVcpp\Release\SMBVcpp.exe" /INCREMENTAL:NO /NOLOGO /LIBPATH:"D:\LIBS\luabind-0.9.1\bin\msvc-11.0\release\link-static" /LIBPATH:D:\LIBS\Lua\5.1\lib /LIBPATH:"D:\LIBS\SDL2_image-devel-2.0.0-VC\lib\x86" /LIBPATH:"D:\LIBS\SDL2-2.0.3\lib\x86" SDL2.lib SDL2main.lib SDL2_Image.lib lua5.1.lib libluabind.lib kernel32.lib user32.lib gdi32.lib winspool.lib comdlg32.lib advapi32.lib shell32.lib ole32.lib oleaut32.lib uuid.lib odbc32.lib odbccp32.lib /MANIFEST /MANIFESTUAC:"level='asInvoker' uiAccess='false'" /manifest:embed /DEBUG /PDB:"D:\Work\SuperMassiveBlackWhore\SMBVcpp\Release\SMBVcpp.pdb" /SUBSYSTEM:CONSOLE /OPT:REF /OPT:ICF /LTCG /TLBID:1 /DYNAMICBASE /NXCOMPAT /IMPLIB:"D:\Work\SuperMassiveBlackWhore\SMBVcpp\Release\SMBVcpp.lib" /MACHINE:X86 /SAFESEH Release\Game.obj
         Release\GameObject.obj
         Release\main.obj
         Release\AnimationComponent.obj
         Release\ComponentFabric.obj
         Release\GameObjectFabric.obj
         Release\IComponent.obj
         Release\MovementComponent.obj
         Release\PlatformerController.obj
         Release\PlatformerPhysicsComponent.obj
         Release\ScriptComponent.obj
         Release\SpriteComponent.obj
         Release\TransformComponent.obj
         Release\InputSystem.obj
         Release\PhysicsSystem.obj
         Release\RenderingSystem.obj
         Release\ScriptSystem.obj
         Generating code
     1>d:\work\supermassiveblackwhore\smbvcpp\src\systems\renderingsystem.cpp(72): warning C4715: 'RenderingSystem::getSizeOfComponentArray' : not all control paths return a value
     1>d:\work\supermassiveblackwhore\smbvcpp\src\systems\physicssystem.cpp(43): warning C4715: 'PhysicsSystem::getSizeOfComponentArray' : not all control paths return a value
     1>d:\work\supermassiveblackwhore\smbvcpp\src\components\componentfabric.cpp(66): warning C4715: 'ComponentFabric::addComponent' : not all control paths return a value
     1>d:\work\supermassiveblackwhore\smbvcpp\src\common\gameobject.h(50): warning C4715: 'GameObject::getComponentLua<MovementComponent>' : not all control paths return a value
         Finished generating code
         SMBVcpp.vcxproj -> D:\Work\SuperMassiveBlackWhore\SMBVcpp\Release\SMBVcpp.exe
       FinalizeBuildStatus:
         Deleting file "Release\SMBVcpp.unsuccessfulbuild".
         Touching "Release\SMBVcpp.lastbuildstate".
     1>Done Building Project "D:\Work\SuperMassiveBlackWhore\SMBVcpp\SMBVcpp.vcxproj" (Build target(s)).

Build succeeded.

Time Elapsed 00:00:02.76
